{"C:\\Users\\usuario\\Documents\\UNI\\semestre 7\\ISO2\\Proyecto_final\\MediSync\\backend\\app.js": {"path":"C:\\Users\\usuario\\Documents\\UNI\\semestre 7\\ISO2\\Proyecto_final\\MediSync\\backend\\app.js","statementMap":{"0":{"start":{"line":1,"column":16},"end":{"line":1,"column":34}},"1":{"start":{"line":2,"column":13},"end":{"line":2,"column":28}},"2":{"start":{"line":3,"column":22},"end":{"line":3,"column":56}},"3":{"start":{"line":5,"column":12},"end":{"line":5,"column":21}},"4":{"start":{"line":6,"column":0},"end":{"line":6,"column":16}},"5":{"start":{"line":7,"column":0},"end":{"line":7,"column":24}},"6":{"start":{"line":8,"column":0},"end":{"line":8,"column":40}},"7":{"start":{"line":10,"column":0},"end":{"line":10,"column":21}}},"fnMap":{},"branchMap":{},"s":{"0":1,"1":1,"2":1,"3":1,"4":1,"5":1,"6":1,"7":1},"f":{},"b":{},"_coverageSchema":"1a1c01bbd47fc00a2c39e90264f33305004495a9","hash":"0d65f4f388a3741b51707461d2eaf2d3c995383f"}
,"C:\\Users\\usuario\\Documents\\UNI\\semestre 7\\ISO2\\Proyecto_final\\MediSync\\backend\\controllers\\usuario.controller.js": {"path":"C:\\Users\\usuario\\Documents\\UNI\\semestre 7\\ISO2\\Proyecto_final\\MediSync\\backend\\controllers\\usuario.controller.js","statementMap":{"0":{"start":{"line":1,"column":0},"end":{"line":1,"column":27}},"1":{"start":{"line":2,"column":16},"end":{"line":2,"column":44}},"2":{"start":{"line":3,"column":15},"end":{"line":3,"column":34}},"3":{"start":{"line":4,"column":12},"end":{"line":4,"column":35}},"4":{"start":{"line":5,"column":0},"end":{"line":5,"column":38}},"5":{"start":{"line":8,"column":23},"end":{"line":8,"column":42}},"6":{"start":{"line":11,"column":24},"end":{"line":20,"column":1}},"7":{"start":{"line":12,"column":21},"end":{"line":12,"column":49}},"8":{"start":{"line":13,"column":2},"end":{"line":15,"column":3}},"9":{"start":{"line":14,"column":4},"end":{"line":14,"column":61}},"10":{"start":{"line":16,"column":2},"end":{"line":18,"column":3}},"11":{"start":{"line":17,"column":4},"end":{"line":17,"column":61}},"12":{"start":{"line":19,"column":2},"end":{"line":19,"column":14}},"13":{"start":{"line":22,"column":0},"end":{"line":56,"column":2}},"14":{"start":{"line":23,"column":2},"end":{"line":55,"column":3}},"15":{"start":{"line":24,"column":57},"end":{"line":24,"column":65}},"16":{"start":{"line":27,"column":18},"end":{"line":27,"column":53}},"17":{"start":{"line":28,"column":4},"end":{"line":30,"column":5}},"18":{"start":{"line":29,"column":6},"end":{"line":29,"column":50}},"19":{"start":{"line":33,"column":29},"end":{"line":33,"column":64}},"20":{"start":{"line":34,"column":4},"end":{"line":36,"column":5}},"21":{"start":{"line":35,"column":6},"end":{"line":35,"column":88}},"22":{"start":{"line":39,"column":26},"end":{"line":39,"column":57}},"23":{"start":{"line":41,"column":25},"end":{"line":47,"column":6}},"24":{"start":{"line":49,"column":4},"end":{"line":49,"column":30}},"25":{"start":{"line":51,"column":4},"end":{"line":51,"column":70}},"26":{"start":{"line":53,"column":4},"end":{"line":53,"column":48}},"27":{"start":{"line":54,"column":4},"end":{"line":54,"column":64}},"28":{"start":{"line":58,"column":0},"end":{"line":102,"column":2}},"29":{"start":{"line":59,"column":2},"end":{"line":101,"column":3}},"30":{"start":{"line":60,"column":35},"end":{"line":60,"column":43}},"31":{"start":{"line":63,"column":4},"end":{"line":65,"column":5}},"32":{"start":{"line":64,"column":6},"end":{"line":64,"column":90}},"33":{"start":{"line":67,"column":20},"end":{"line":67,"column":55}},"34":{"start":{"line":68,"column":4},"end":{"line":70,"column":5}},"35":{"start":{"line":69,"column":6},"end":{"line":69,"column":68}},"36":{"start":{"line":72,"column":27},"end":{"line":72,"column":80}},"37":{"start":{"line":73,"column":4},"end":{"line":75,"column":5}},"38":{"start":{"line":74,"column":6},"end":{"line":74,"column":68}},"39":{"start":{"line":78,"column":4},"end":{"line":78,"column":39}},"40":{"start":{"line":79,"column":4},"end":{"line":79,"column":25}},"41":{"start":{"line":84,"column":27},"end":{"line":84,"column":54}},"42":{"start":{"line":86,"column":18},"end":{"line":95,"column":5}},"43":{"start":{"line":97,"column":4},"end":{"line":97,"column":46}},"44":{"start":{"line":99,"column":4},"end":{"line":99,"column":44}},"45":{"start":{"line":100,"column":4},"end":{"line":100,"column":55}}},"fnMap":{"0":{"name":"(anonymous_0)","decl":{"start":{"line":11,"column":24},"end":{"line":11,"column":25}},"loc":{"start":{"line":11,"column":48},"end":{"line":20,"column":1}},"line":11},"1":{"name":"(anonymous_1)","decl":{"start":{"line":22,"column":20},"end":{"line":22,"column":21}},"loc":{"start":{"line":22,"column":40},"end":{"line":56,"column":1}},"line":22},"2":{"name":"(anonymous_2)","decl":{"start":{"line":58,"column":16},"end":{"line":58,"column":17}},"loc":{"start":{"line":58,"column":36},"end":{"line":102,"column":1}},"line":58}},"branchMap":{"0":{"loc":{"start":{"line":13,"column":2},"end":{"line":15,"column":3}},"type":"if","locations":[{"start":{"line":13,"column":2},"end":{"line":15,"column":3}},{"start":{},"end":{}}],"line":13},"1":{"loc":{"start":{"line":13,"column":6},"end":{"line":13,"column":45}},"type":"binary-expr","locations":[{"start":{"line":13,"column":6},"end":{"line":13,"column":15}},{"start":{"line":13,"column":19},"end":{"line":13,"column":45}}],"line":13},"2":{"loc":{"start":{"line":16,"column":2},"end":{"line":18,"column":3}},"type":"if","locations":[{"start":{"line":16,"column":2},"end":{"line":18,"column":3}},{"start":{},"end":{}}],"line":16},"3":{"loc":{"start":{"line":16,"column":6},"end":{"line":16,"column":38}},"type":"binary-expr","locations":[{"start":{"line":16,"column":6},"end":{"line":16,"column":15}},{"start":{"line":16,"column":19},"end":{"line":16,"column":38}}],"line":16},"4":{"loc":{"start":{"line":28,"column":4},"end":{"line":30,"column":5}},"type":"if","locations":[{"start":{"line":28,"column":4},"end":{"line":30,"column":5}},{"start":{},"end":{}}],"line":28},"5":{"loc":{"start":{"line":34,"column":4},"end":{"line":36,"column":5}},"type":"if","locations":[{"start":{"line":34,"column":4},"end":{"line":36,"column":5}},{"start":{},"end":{}}],"line":34},"6":{"loc":{"start":{"line":45,"column":14},"end":{"line":45,"column":32}},"type":"binary-expr","locations":[{"start":{"line":45,"column":14},"end":{"line":45,"column":20}},{"start":{"line":45,"column":24},"end":{"line":45,"column":32}}],"line":45},"7":{"loc":{"start":{"line":63,"column":4},"end":{"line":65,"column":5}},"type":"if","locations":[{"start":{"line":63,"column":4},"end":{"line":65,"column":5}},{"start":{},"end":{}}],"line":63},"8":{"loc":{"start":{"line":63,"column":8},"end":{"line":63,"column":30}},"type":"binary-expr","locations":[{"start":{"line":63,"column":8},"end":{"line":63,"column":17}},{"start":{"line":63,"column":21},"end":{"line":63,"column":30}}],"line":63},"9":{"loc":{"start":{"line":68,"column":4},"end":{"line":70,"column":5}},"type":"if","locations":[{"start":{"line":68,"column":4},"end":{"line":70,"column":5}},{"start":{},"end":{}}],"line":68},"10":{"loc":{"start":{"line":73,"column":4},"end":{"line":75,"column":5}},"type":"if","locations":[{"start":{"line":73,"column":4},"end":{"line":75,"column":5}},{"start":{},"end":{}}],"line":73}},"s":{"0":1,"1":1,"2":1,"3":1,"4":1,"5":1,"6":1,"7":6,"8":6,"9":1,"10":5,"11":1,"12":4,"13":1,"14":6,"15":6,"16":6,"17":6,"18":2,"19":4,"20":3,"21":1,"22":2,"23":2,"24":2,"25":2,"26":1,"27":1,"28":1,"29":7,"30":7,"31":7,"32":2,"33":5,"34":4,"35":1,"36":3,"37":3,"38":1,"39":2,"40":2,"41":2,"42":2,"43":2,"44":1,"45":1},"f":{"0":6,"1":6,"2":7},"b":{"0":[1,5],"1":[6,6],"2":[1,4],"3":[5,5],"4":[2,4],"5":[1,2],"6":[2,2],"7":[2,5],"8":[7,6],"9":[1,3],"10":[1,2]},"_coverageSchema":"1a1c01bbd47fc00a2c39e90264f33305004495a9","hash":"5ad83e061ab270079b0e60971d0bb111e0ed9ddf"}
,"C:\\Users\\usuario\\Documents\\UNI\\semestre 7\\ISO2\\Proyecto_final\\MediSync\\backend\\models\\CitaMedica.js": {"path":"C:\\Users\\usuario\\Documents\\UNI\\semestre 7\\ISO2\\Proyecto_final\\MediSync\\backend\\models\\CitaMedica.js","statementMap":{"0":{"start":{"line":2,"column":17},"end":{"line":2,"column":36}},"1":{"start":{"line":4,"column":25},"end":{"line":13,"column":24}},"2":{"start":{"line":15,"column":0},"end":{"line":15,"column":64}}},"fnMap":{},"branchMap":{},"s":{"0":1,"1":1,"2":1},"f":{},"b":{},"_coverageSchema":"1a1c01bbd47fc00a2c39e90264f33305004495a9","hash":"f57c9156428888563ac819dd57d373675f8a2342"}
,"C:\\Users\\usuario\\Documents\\UNI\\semestre 7\\ISO2\\Proyecto_final\\MediSync\\backend\\models\\Clinica.js": {"path":"C:\\Users\\usuario\\Documents\\UNI\\semestre 7\\ISO2\\Proyecto_final\\MediSync\\backend\\models\\Clinica.js","statementMap":{"0":{"start":{"line":2,"column":17},"end":{"line":2,"column":36}},"1":{"start":{"line":4,"column":22},"end":{"line":12,"column":24}},"2":{"start":{"line":14,"column":0},"end":{"line":14,"column":58}}},"fnMap":{},"branchMap":{},"s":{"0":1,"1":1,"2":1},"f":{},"b":{},"_coverageSchema":"1a1c01bbd47fc00a2c39e90264f33305004495a9","hash":"d4ee7e9365d7650dff58d8402ee6b7d16027da67"}
,"C:\\Users\\usuario\\Documents\\UNI\\semestre 7\\ISO2\\Proyecto_final\\MediSync\\backend\\models\\HistorialMedico.js": {"path":"C:\\Users\\usuario\\Documents\\UNI\\semestre 7\\ISO2\\Proyecto_final\\MediSync\\backend\\models\\HistorialMedico.js","statementMap":{"0":{"start":{"line":2,"column":17},"end":{"line":2,"column":36}},"1":{"start":{"line":4,"column":30},"end":{"line":19,"column":24}},"2":{"start":{"line":21,"column":0},"end":{"line":21,"column":74}}},"fnMap":{},"branchMap":{},"s":{"0":1,"1":1,"2":1},"f":{},"b":{},"_coverageSchema":"1a1c01bbd47fc00a2c39e90264f33305004495a9","hash":"f2fde0638435a0510bd07484bf3987c2d0a30501"}
,"C:\\Users\\usuario\\Documents\\UNI\\semestre 7\\ISO2\\Proyecto_final\\MediSync\\backend\\models\\Medico.js": {"path":"C:\\Users\\usuario\\Documents\\UNI\\semestre 7\\ISO2\\Proyecto_final\\MediSync\\backend\\models\\Medico.js","statementMap":{"0":{"start":{"line":2,"column":17},"end":{"line":2,"column":36}},"1":{"start":{"line":4,"column":21},"end":{"line":15,"column":24}},"2":{"start":{"line":17,"column":0},"end":{"line":17,"column":56}}},"fnMap":{},"branchMap":{},"s":{"0":1,"1":1,"2":1},"f":{},"b":{},"_coverageSchema":"1a1c01bbd47fc00a2c39e90264f33305004495a9","hash":"82c6cde785a1712bd04963b8c7787fadd5f94b05"}
,"C:\\Users\\usuario\\Documents\\UNI\\semestre 7\\ISO2\\Proyecto_final\\MediSync\\backend\\models\\MedicoClinica.js": {"path":"C:\\Users\\usuario\\Documents\\UNI\\semestre 7\\ISO2\\Proyecto_final\\MediSync\\backend\\models\\MedicoClinica.js","statementMap":{"0":{"start":{"line":2,"column":17},"end":{"line":2,"column":36}},"1":{"start":{"line":4,"column":28},"end":{"line":10,"column":24}},"2":{"start":{"line":12,"column":0},"end":{"line":12,"column":70}}},"fnMap":{},"branchMap":{},"s":{"0":1,"1":1,"2":1},"f":{},"b":{},"_coverageSchema":"1a1c01bbd47fc00a2c39e90264f33305004495a9","hash":"92f63542dac0a4ccbd9660d0cdf83e995f5f37d2"}
,"C:\\Users\\usuario\\Documents\\UNI\\semestre 7\\ISO2\\Proyecto_final\\MediSync\\backend\\models\\Notificacion.js": {"path":"C:\\Users\\usuario\\Documents\\UNI\\semestre 7\\ISO2\\Proyecto_final\\MediSync\\backend\\models\\Notificacion.js","statementMap":{"0":{"start":{"line":2,"column":17},"end":{"line":2,"column":36}},"1":{"start":{"line":4,"column":27},"end":{"line":11,"column":24}},"2":{"start":{"line":13,"column":0},"end":{"line":13,"column":68}}},"fnMap":{},"branchMap":{},"s":{"0":1,"1":1,"2":1},"f":{},"b":{},"_coverageSchema":"1a1c01bbd47fc00a2c39e90264f33305004495a9","hash":"f165d77d9b9a5369b439df8a1f2aa4ddd6f3c6e2"}
,"C:\\Users\\usuario\\Documents\\UNI\\semestre 7\\ISO2\\Proyecto_final\\MediSync\\backend\\models\\Paciente.js": {"path":"C:\\Users\\usuario\\Documents\\UNI\\semestre 7\\ISO2\\Proyecto_final\\MediSync\\backend\\models\\Paciente.js","statementMap":{"0":{"start":{"line":2,"column":17},"end":{"line":2,"column":36}},"1":{"start":{"line":4,"column":23},"end":{"line":15,"column":24}},"2":{"start":{"line":17,"column":0},"end":{"line":17,"column":60}}},"fnMap":{},"branchMap":{},"s":{"0":1,"1":1,"2":1},"f":{},"b":{},"_coverageSchema":"1a1c01bbd47fc00a2c39e90264f33305004495a9","hash":"03dd64ccd5dbfd16b8768437e9bd50e783afd303"}
,"C:\\Users\\usuario\\Documents\\UNI\\semestre 7\\ISO2\\Proyecto_final\\MediSync\\backend\\models\\Usuario.js": {"path":"C:\\Users\\usuario\\Documents\\UNI\\semestre 7\\ISO2\\Proyecto_final\\MediSync\\backend\\models\\Usuario.js","statementMap":{"0":{"start":{"line":1,"column":17},"end":{"line":1,"column":36}},"1":{"start":{"line":3,"column":22},"end":{"line":9,"column":29}},"2":{"start":{"line":11,"column":0},"end":{"line":11,"column":58}}},"fnMap":{},"branchMap":{},"s":{"0":1,"1":1,"2":1},"f":{},"b":{},"_coverageSchema":"1a1c01bbd47fc00a2c39e90264f33305004495a9","hash":"fbdf93133f2b6ea089ce86f10d5b6b8966962f1e"}
,"C:\\Users\\usuario\\Documents\\UNI\\semestre 7\\ISO2\\Proyecto_final\\MediSync\\backend\\routes\\usuario.routes.js": {"path":"C:\\Users\\usuario\\Documents\\UNI\\semestre 7\\ISO2\\Proyecto_final\\MediSync\\backend\\routes\\usuario.routes.js","statementMap":{"0":{"start":{"line":1,"column":16},"end":{"line":1,"column":34}},"1":{"start":{"line":2,"column":15},"end":{"line":2,"column":31}},"2":{"start":{"line":3,"column":29},"end":{"line":3,"column":73}},"3":{"start":{"line":5,"column":0},"end":{"line":5,"column":36}},"4":{"start":{"line":6,"column":0},"end":{"line":6,"column":29}},"5":{"start":{"line":8,"column":0},"end":{"line":8,"column":24}}},"fnMap":{},"branchMap":{},"s":{"0":1,"1":1,"2":1,"3":1,"4":1,"5":1},"f":{},"b":{},"_coverageSchema":"1a1c01bbd47fc00a2c39e90264f33305004495a9","hash":"39a7c2f9b75f513c0e0f026582c02db4e417992c"}
}
