TN:
SF:backend\app.js
FNF:0
FNH:0
DA:1,1
DA:2,1
DA:3,1
DA:5,1
DA:6,1
DA:7,1
DA:8,1
DA:10,1
LF:8
LH:8
BRF:0
BRH:0
end_of_record
TN:
SF:backend\controllers\usuario.controller.js
FN:9,(anonymous_0)
FN:20,(anonymous_1)
FN:57,(anonymous_2)
FNF:3
FNH:2
FNDA:3,(anonymous_0)
FNDA:3,(anonymous_1)
FNDA:0,(anonymous_2)
DA:1,1
DA:2,1
DA:3,1
DA:6,1
DA:9,1
DA:10,3
DA:11,3
DA:12,1
DA:14,2
DA:15,1
DA:17,1
DA:20,1
DA:21,3
DA:22,3
DA:24,3
DA:27,3
DA:28,3
DA:29,2
DA:33,1
DA:34,1
DA:35,0
DA:39,1
DA:41,1
DA:49,1
DA:50,1
DA:52,0
DA:53,0
DA:57,1
DA:58,0
DA:59,0
DA:62,0
DA:63,0
DA:66,0
DA:68,0
DA:70,0
DA:71,0
DA:73,0
DA:74,0
DA:77,0
DA:79,0
DA:90,0
DA:92,0
DA:93,0
LF:43
LH:25
BRDA:11,0,0,1
BRDA:11,0,1,2
BRDA:11,1,0,3
BRDA:11,1,1,3
BRDA:14,2,0,1
BRDA:14,2,1,1
BRDA:14,3,0,2
BRDA:14,3,1,2
BRDA:28,4,0,2
BRDA:28,4,1,1
BRDA:34,5,0,0
BRDA:34,5,1,1
BRDA:45,6,0,1
BRDA:45,6,1,1
BRDA:62,7,0,0
BRDA:62,7,1,0
BRDA:62,8,0,0
BRDA:62,8,1,0
BRDA:68,9,0,0
BRDA:68,9,1,0
BRDA:71,10,0,0
BRDA:71,10,1,0
BRF:22
BRH:13
end_of_record
TN:
SF:backend\models\Usuario.js
FNF:0
FNH:0
DA:1,1
DA:3,1
DA:11,1
LF:3
LH:3
BRF:0
BRH:0
end_of_record
TN:
SF:backend\routes\usuario.routes.js
FNF:0
FNH:0
DA:1,1
DA:2,1
DA:3,1
DA:5,1
DA:6,1
DA:8,1
LF:6
LH:6
BRF:0
BRH:0
end_of_record
