TN:
SF:app.js
FNF:0
FNH:0
DA:1,1
DA:2,1
DA:3,1
DA:5,1
DA:6,1
DA:7,1
DA:8,1
DA:10,1
LF:8
LH:8
BRF:0
BRH:0
end_of_record
TN:
SF:controllers\usuario.controller.js
FN:11,(anonymous_0)
FN:22,(anonymous_1)
FN:58,(anonymous_2)
FNF:3
FNH:3
FNDA:6,(anonymous_0)
FNDA:6,(anonymous_1)
FNDA:7,(anonymous_2)
DA:1,1
DA:2,1
DA:3,1
DA:4,1
DA:5,1
DA:8,1
DA:11,1
DA:12,6
DA:13,6
DA:14,1
DA:16,5
DA:17,1
DA:19,4
DA:22,1
DA:23,6
DA:24,6
DA:27,6
DA:28,6
DA:29,2
DA:33,4
DA:34,3
DA:35,1
DA:39,2
DA:41,2
DA:49,2
DA:51,2
DA:53,1
DA:54,1
DA:58,1
DA:59,7
DA:60,7
DA:63,7
DA:64,2
DA:67,5
DA:68,4
DA:69,1
DA:72,3
DA:73,3
DA:74,1
DA:78,2
DA:79,2
DA:84,2
DA:86,2
DA:97,2
DA:99,1
DA:100,1
LF:46
LH:46
BRDA:13,0,0,1
BRDA:13,0,1,5
BRDA:13,1,0,6
BRDA:13,1,1,6
BRDA:16,2,0,1
BRDA:16,2,1,4
BRDA:16,3,0,5
BRDA:16,3,1,5
BRDA:28,4,0,2
BRDA:28,4,1,4
BRDA:34,5,0,1
BRDA:34,5,1,2
BRDA:45,6,0,2
BRDA:45,6,1,2
BRDA:63,7,0,2
BRDA:63,7,1,5
BRDA:63,8,0,7
BRDA:63,8,1,6
BRDA:68,9,0,1
BRDA:68,9,1,3
BRDA:73,10,0,1
BRDA:73,10,1,2
BRF:22
BRH:22
end_of_record
TN:
SF:models\Usuario.js
FNF:0
FNH:0
DA:1,1
DA:3,1
DA:11,1
LF:3
LH:3
BRF:0
BRH:0
end_of_record
TN:
SF:routes\usuario.routes.js
FNF:0
FNH:0
DA:1,1
DA:2,1
DA:3,1
DA:5,1
DA:6,1
DA:8,1
LF:6
LH:6
BRF:0
BRH:0
end_of_record
